# JRE version: OpenJDK Runtime Environment (8.0_212-b04) (build 1.8.0_212-release-1586-b04)
# Java VM: OpenJDK 64-Bit Server VM (25.212-b04 mixed mode windows-amd64 compressed oops)
Heap:
 PSYoungGen      total 47616K, used 23077K [0x00000000e0000000, 0x00000000e4700000, 0x0000000100000000)
  eden space 32256K, 23% used [0x00000000e0000000,0x00000000e078b5b8,0x00000000e1f80000)
  from space 15360K, 99% used [0x00000000e1f80000,0x00000000e2e7e090,0x00000000e2e80000)
  to   space 17408K, 0% used [0x00000000e3600000,0x00000000e3600000,0x00000000e4700000)
 ParOldGen       total 72192K, used 19440K [0x00000000a0000000, 0x00000000a4680000, 0x00000000e0000000)
  object space 72192K, 26% used [0x00000000a0000000,0x00000000a12fc040,0x00000000a4680000)
 Metaspace       used 52668K, capacity 54238K, committed 54488K, reserved 1095680K
  class space    used 7163K, capacity 7597K, committed 7680K, reserved 1048576K
GC Heap History (10 events):
Event: 87.580 GC heap before
{Heap before GC invocations=31 (full 2):
 PSYoungGen      total 34304K, used 34300K [0x00000000e0000000, 0x00000000e2c80000, 0x0000000100000000)
  eden space 26624K, 100% used [0x00000000e0000000,0x00000000e1a00000,0x00000000e1a00000)
  from space 7680K, 99% used [0x00000000e2280000,0x00000000e29ff158,0x00000000e2a00000)
  to   space 8704K, 0% used [0x00000000e1a00000,0x00000000e1a00000,0x00000000e2280000)
 ParOldGen       total 72192K, used 17100K [0x00000000a0000000, 0x00000000a4680000, 0x00000000e0000000)
  object space 72192K, 23% used [0x00000000a0000000,0x00000000a10b33e8,0x00000000a4680000)
 Metaspace       used 46059K, capacity 47150K, committed 47448K, reserved 1089536K
  class space    used 6150K, capacity 6470K, committed 6528K, reserved 1048576K
Event: 87.590 GC heap after
Heap after GC invocations=31 (full 2):
 PSYoungGen      total 35328K, used 8695K [0x00000000e0000000, 0x00000000e3080000, 0x0000000100000000)
  eden space 26624K, 0% used [0x00000000e0000000,0x00000000e0000000,0x00000000e1a00000)
  from space 8704K, 99% used [0x00000000e1a00000,0x00000000e227deb0,0x00000000e2280000)
  to   space 10240K, 0% used [0x00000000e2680000,0x00000000e2680000,0x00000000e3080000)
 ParOldGen       total 72192K, used 17377K [0x00000000a0000000, 0x00000000a4680000, 0x00000000e0000000)
  object space 72192K, 24% used [0x00000000a0000000,0x00000000a10f8730,0x00000000a4680000)
 Metaspace       used 46059K, capacity 47150K, committed 47448K, reserved 1089536K
  class space    used 6150K, capacity 6470K, committed 6528K, reserved 1048576K
}
Event: 89.001 GC heap before
{Heap before GC invocations=32 (full 2):
 PSYoungGen      total 35328K, used 35319K [0x00000000e0000000, 0x00000000e3080000, 0x0000000100000000)
  eden space 26624K, 100% used [0x00000000e0000000,0x00000000e1a00000,0x00000000e1a00000)
  from space 8704K, 99% used [0x00000000e1a00000,0x00000000e227deb0,0x00000000e2280000)
  to   space 10240K, 0% used [0x00000000e2680000,0x00000000e2680000,0x00000000e3080000)
 ParOldGen       total 72192K, used 17377K [0x00000000a0000000, 0x00000000a4680000, 0x00000000e0000000)
  object space 72192K, 24% used [0x00000000a0000000,0x00000000a10f8730,0x00000000a4680000)
 Metaspace       used 46468K, capacity 47680K, committed 47832K, reserved 1091584K
  class space    used 6227K, capacity 6587K, committed 6656K, reserved 1048576K
Event: 89.144 GC heap after
Heap after GC invocations=32 (full 2):
 PSYoungGen      total 38400K, used 9533K [0x00000000e0000000, 0x00000000e3600000, 0x0000000100000000)
  eden space 28160K, 0% used [0x00000000e0000000,0x00000000e0000000,0x00000000e1b80000)
  from space 10240K, 93% used [0x00000000e2680000,0x00000000e2fcf7b0,0x00000000e3080000)
  to   space 11264K, 0% used [0x00000000e1b80000,0x00000000e1b80000,0x00000000e2680000)
 ParOldGen       total 72192K, used 17385K [0x00000000a0000000, 0x00000000a4680000, 0x00000000e0000000)
  object space 72192K, 24% used [0x00000000a0000000,0x00000000a10fa730,0x00000000a4680000)
 Metaspace       used 46468K, capacity 47680K, committed 47832K, reserved 1091584K
  class space    used 6227K, capacity 6587K, committed 6656K, reserved 1048576K
}
Event: 90.019 GC heap before
{Heap before GC invocations=33 (full 2):
 PSYoungGen      total 38400K, used 37693K [0x00000000e0000000, 0x00000000e3600000, 0x0000000100000000)
  eden space 28160K, 100% used [0x00000000e0000000,0x00000000e1b80000,0x00000000e1b80000)
  from space 10240K, 93% used [0x00000000e2680000,0x00000000e2fcf7b0,0x00000000e3080000)
  to   space 11264K, 0% used [0x00000000e1b80000,0x00000000e1b80000,0x00000000e2680000)
 ParOldGen       total 72192K, used 17385K [0x00000000a0000000, 0x00000000a4680000, 0x00000000e0000000)
  object space 72192K, 24% used [0x00000000a0000000,0x00000000a10fa730,0x00000000a4680000)
 Metaspace       used 46744K, capacity 48014K, committed 48216K, reserved 1091584K
  class space    used 6274K, capacity 6672K, committed 6784K, reserved 1048576K
Event: 90.046 GC heap after
Heap after GC invocations=33 (full 2):
 PSYoungGen      total 39424K, used 11234K [0x00000000e0000000, 0x00000000e3b00000, 0x0000000100000000)
  eden space 28160K, 0% used [0x00000000e0000000,0x00000000e0000000,0x00000000e1b80000)
  from space 11264K, 99% used [0x00000000e1b80000,0x00000000e26789d0,0x00000000e2680000)
  to   space 12800K, 0% used [0x00000000e2e80000,0x00000000e2e80000,0x00000000e3b00000)
 ParOldGen       total 72192K, used 17513K [0x00000000a0000000, 0x00000000a4680000, 0x00000000e0000000)
  object space 72192K, 24% used [0x00000000a0000000,0x00000000a111a468,0x00000000a4680000)
 Metaspace       used 46744K, capacity 48014K, committed 48216K, reserved 1091584K
  class space    used 6274K, capacity 6672K, committed 6784K, reserved 1048576K
}
Event: 93.106 GC heap before
{Heap before GC invocations=34 (full 2):
 PSYoungGen      total 39424K, used 39394K [0x00000000e0000000, 0x00000000e3b00000, 0x0000000100000000)
  eden space 28160K, 100% used [0x00000000e0000000,0x00000000e1b80000,0x00000000e1b80000)
  from space 11264K, 99% used [0x00000000e1b80000,0x00000000e26789d0,0x00000000e2680000)
  to   space 12800K, 0% used [0x00000000e2e80000,0x00000000e2e80000,0x00000000e3b00000)
 ParOldGen       total 72192K, used 17513K [0x00000000a0000000, 0x00000000a4680000, 0x00000000e0000000)
  object space 72192K, 24% used [0x00000000a0000000,0x00000000a111a468,0x00000000a4680000)
 Metaspace       used 49777K, capacity 51332K, committed 51416K, reserved 1093632K
  class space    used 6715K, capacity 7152K, committed 7168K, reserved 1048576K
Event: 93.128 GC heap after
Heap after GC invocations=34 (full 2):
 PSYoungGen      total 45056K, used 12793K [0x00000000e0000000, 0x00000000e3f80000, 0x0000000100000000)
  eden space 32256K, 0% used [0x00000000e0000000,0x00000000e0000000,0x00000000e1f80000)
  from space 12800K, 99% used [0x00000000e2e80000,0x00000000e3afe7c0,0x00000000e3b00000)
  to   space 15360K, 0% used [0x00000000e1f80000,0x00000000e1f80000,0x00000000e2e80000)
 ParOldGen       total 72192K, used 19294K [0x00000000a0000000, 0x00000000a4680000, 0x00000000e0000000)
  object space 72192K, 26% used [0x00000000a0000000,0x00000000a12d7818,0x00000000a4680000)
 Metaspace       used 49777K, capacity 51332K, committed 51416K, reserved 1093632K
  class space    used 6715K, capacity 7152K, committed 7168K, reserved 1048576K
}
Event: 94.413 GC heap before
{Heap before GC invocations=35 (full 2):
 PSYoungGen      total 45056K, used 45049K [0x00000000e0000000, 0x00000000e3f80000, 0x0000000100000000)
  eden space 32256K, 100% used [0x00000000e0000000,0x00000000e1f80000,0x00000000e1f80000)
  from space 12800K, 99% used [0x00000000e2e80000,0x00000000e3afe7c0,0x00000000e3b00000)
  to   space 15360K, 0% used [0x00000000e1f80000,0x00000000e1f80000,0x00000000e2e80000)
 ParOldGen       total 72192K, used 19294K [0x00000000a0000000, 0x00000000a4680000, 0x00000000e0000000)
  object space 72192K, 26% used [0x00000000a0000000,0x00000000a12d7818,0x00000000a4680000)
 Metaspace       used 51832K, capacity 53332K, committed 53464K, reserved 1095680K
  class space    used 7012K, capacity 7414K, committed 7424K, reserved 1048576K
Event: 94.428 GC heap after
Heap after GC invocations=35 (full 2):
 PSYoungGen      total 47616K, used 15352K [0x00000000e0000000, 0x00000000e4700000, 0x0000000100000000)
  eden space 32256K, 0% used [0x00000000e0000000,0x00000000e0000000,0x00000000e1f80000)
  from space 15360K, 99% used [0x00000000e1f80000,0x00000000e2e7e090,0x00000000e2e80000)
  to   space 17408K, 0% used [0x00000000e3600000,0x00000000e3600000,0x00000000e4700000)
 ParOldGen       total 72192K, used 19440K [0x00000000a0000000, 0x00000000a4680000, 0x00000000e0000000)
  object space 72192K, 26% used [0x00000000a0000000,0x00000000a12fc040,0x00000000a4680000)
 Metaspace       used 51832K, capacity 53332K, committed 53464K, reserved 1095680K
  class space    used 7012K, capacity 7414K, committed 7424K, reserved 1048576K
}

