# JRE version: OpenJDK Runtime Environment (8.0_212-b04) (build 1.8.0_212-release-1586-b04)
# Java VM: OpenJDK 64-Bit Server VM (25.212-b04 mixed mode windows-amd64 compressed oops)
Heap:
 PSYoungGen      total 92160K, used 74608K [0x00000000e0000000, 0x00000000e8780000, 0x0000000100000000)
  eden space 45568K, 73% used [0x00000000e0000000,0x00000000e208b3e8,0x00000000e2c80000)
  from space 46592K, 88% used [0x00000000e5a00000,0x00000000e8250f60,0x00000000e8780000)
  to   space 43520K, 0% used [0x00000000e2d80000,0x00000000e2d80000,0x00000000e5800000)
 ParOldGen       total 76288K, used 59171K [0x00000000a0000000, 0x00000000a4a80000, 0x00000000e0000000)
  object space 76288K, 77% used [0x00000000a0000000,0x00000000a39c8d40,0x00000000a4a80000)
 Metaspace       used 76184K, capacity 80086K, committed 80216K, reserved 1118208K
  class space    used 9977K, capacity 10845K, committed 10880K, reserved 1048576K
GC Heap History (10 events):
Event: 1001.272 GC heap before
{Heap before GC invocations=43 (full 3):
 PSYoungGen      total 82432K, used 78838K [0x00000000e0000000, 0x00000000e7400000, 0x0000000100000000)
  eden space 56320K, 99% used [0x00000000e0000000,0x00000000e36e84e8,0x00000000e3700000)
  from space 26112K, 86% used [0x00000000e3700000,0x00000000e4d15380,0x00000000e5080000)
  to   space 28672K, 0% used [0x00000000e5800000,0x00000000e5800000,0x00000000e7400000)
 ParOldGen       total 76288K, used 49696K [0x00000000a0000000, 0x00000000a4a80000, 0x00000000e0000000)
  object space 76288K, 65% used [0x00000000a0000000,0x00000000a30883d0,0x00000000a4a80000)
 Metaspace       used 72924K, capacity 76236K, committed 76504K, reserved 1116160K
  class space    used 9707K, capacity 10482K, committed 10496K, reserved 1048576K
Event: 1001.576 GC heap after
Heap after GC invocations=43 (full 3):
 PSYoungGen      total 83456K, used 26624K [0x00000000e0000000, 0x00000000e7480000, 0x0000000100000000)
  eden space 54784K, 0% used [0x00000000e0000000,0x00000000e0000000,0x00000000e3580000)
  from space 28672K, 92% used [0x00000000e5800000,0x00000000e72003f0,0x00000000e7400000)
  to   space 32256K, 0% used [0x00000000e3580000,0x00000000e3580000,0x00000000e5500000)
 ParOldGen       total 76288K, used 49704K [0x00000000a0000000, 0x00000000a4a80000, 0x00000000e0000000)
  object space 76288K, 65% used [0x00000000a0000000,0x00000000a308a3d0,0x00000000a4a80000)
 Metaspace       used 72924K, capacity 76236K, committed 76504K, reserved 1116160K
  class space    used 9707K, capacity 10482K, committed 10496K, reserved 1048576K
}
Event: 1012.851 GC heap before
{Heap before GC invocations=44 (full 3):
 PSYoungGen      total 83456K, used 81408K [0x00000000e0000000, 0x00000000e7480000, 0x0000000100000000)
  eden space 54784K, 100% used [0x00000000e0000000,0x00000000e3580000,0x00000000e3580000)
  from space 28672K, 92% used [0x00000000e5800000,0x00000000e72003f0,0x00000000e7400000)
  to   space 32256K, 0% used [0x00000000e3580000,0x00000000e3580000,0x00000000e5500000)
 ParOldGen       total 76288K, used 49704K [0x00000000a0000000, 0x00000000a4a80000, 0x00000000e0000000)
  object space 76288K, 65% used [0x00000000a0000000,0x00000000a308a3d0,0x00000000a4a80000)
 Metaspace       used 75567K, capacity 79102K, committed 79448K, reserved 1118208K
  class space    used 9934K, capacity 10769K, committed 10880K, reserved 1048576K
Event: 1012.903 GC heap after
Heap after GC invocations=44 (full 3):
 PSYoungGen      total 85504K, used 31597K [0x00000000e0000000, 0x00000000e7c00000, 0x0000000100000000)
  eden space 53248K, 0% used [0x00000000e0000000,0x00000000e0000000,0x00000000e3400000)
  from space 32256K, 97% used [0x00000000e3580000,0x00000000e545b758,0x00000000e5500000)
  to   space 36864K, 0% used [0x00000000e5800000,0x00000000e5800000,0x00000000e7c00000)
 ParOldGen       total 76288K, used 49712K [0x00000000a0000000, 0x00000000a4a80000, 0x00000000e0000000)
  object space 76288K, 65% used [0x00000000a0000000,0x00000000a308c3d0,0x00000000a4a80000)
 Metaspace       used 75567K, capacity 79102K, committed 79448K, reserved 1118208K
  class space    used 9934K, capacity 10769K, committed 10880K, reserved 1048576K
}
Event: 1020.485 GC heap before
{Heap before GC invocations=45 (full 3):
 PSYoungGen      total 85504K, used 84845K [0x00000000e0000000, 0x00000000e7c00000, 0x0000000100000000)
  eden space 53248K, 100% used [0x00000000e0000000,0x00000000e3400000,0x00000000e3400000)
  from space 32256K, 97% used [0x00000000e3580000,0x00000000e545b758,0x00000000e5500000)
  to   space 36864K, 0% used [0x00000000e5800000,0x00000000e5800000,0x00000000e7c00000)
 ParOldGen       total 76288K, used 49712K [0x00000000a0000000, 0x00000000a4a80000, 0x00000000e0000000)
  object space 76288K, 65% used [0x00000000a0000000,0x00000000a308c3d0,0x00000000a4a80000)
 Metaspace       used 75785K, capacity 79382K, committed 79704K, reserved 1118208K
  class space    used 9942K, capacity 10783K, committed 10880K, reserved 1048576K
Event: 1020.558 GC heap after
Heap after GC invocations=45 (full 3):
 PSYoungGen      total 83456K, used 36850K [0x00000000e0000000, 0x00000000e8780000, 0x0000000100000000)
  eden space 46592K, 0% used [0x00000000e0000000,0x00000000e0000000,0x00000000e2d80000)
  from space 36864K, 99% used [0x00000000e5800000,0x00000000e7bfc8b0,0x00000000e7c00000)
  to   space 43520K, 0% used [0x00000000e2d80000,0x00000000e2d80000,0x00000000e5800000)
 ParOldGen       total 76288K, used 51889K [0x00000000a0000000, 0x00000000a4a80000, 0x00000000e0000000)
  object space 76288K, 68% used [0x00000000a0000000,0x00000000a32ac768,0x00000000a4a80000)
 Metaspace       used 75785K, capacity 79382K, committed 79704K, reserved 1118208K
  class space    used 9942K, capacity 10783K, committed 10880K, reserved 1048576K
}
Event: 1301.784 GC heap before
{Heap before GC invocations=46 (full 3):
 PSYoungGen      total 83456K, used 83442K [0x00000000e0000000, 0x00000000e8780000, 0x0000000100000000)
  eden space 46592K, 100% used [0x00000000e0000000,0x00000000e2d80000,0x00000000e2d80000)
  from space 36864K, 99% used [0x00000000e5800000,0x00000000e7bfc8b0,0x00000000e7c00000)
  to   space 43520K, 0% used [0x00000000e2d80000,0x00000000e2d80000,0x00000000e5800000)
 ParOldGen       total 76288K, used 51889K [0x00000000a0000000, 0x00000000a4a80000, 0x00000000e0000000)
  object space 76288K, 68% used [0x00000000a0000000,0x00000000a32ac768,0x00000000a4a80000)
 Metaspace       used 75969K, capacity 79700K, committed 79960K, reserved 1118208K
  class space    used 9955K, capacity 10804K, committed 10880K, reserved 1048576K
Event: 1301.948 GC heap after
Heap after GC invocations=46 (full 3):
 PSYoungGen      total 89088K, used 33235K [0x00000000e0000000, 0x00000000e8780000, 0x0000000100000000)
  eden space 45568K, 0% used [0x00000000e0000000,0x00000000e0000000,0x00000000e2c80000)
  from space 43520K, 76% used [0x00000000e2d80000,0x00000000e4df4f50,0x00000000e5800000)
  to   space 46592K, 0% used [0x00000000e5a00000,0x00000000e5a00000,0x00000000e8780000)
 ParOldGen       total 76288K, used 59163K [0x00000000a0000000, 0x00000000a4a80000, 0x00000000e0000000)
  object space 76288K, 77% used [0x00000000a0000000,0x00000000a39c6d40,0x00000000a4a80000)
 Metaspace       used 75969K, capacity 79700K, committed 79960K, reserved 1118208K
  class space    used 9955K, capacity 10804K, committed 10880K, reserved 1048576K
}
Event: 1304.705 GC heap before
{Heap before GC invocations=47 (full 3):
 PSYoungGen      total 89088K, used 78803K [0x00000000e0000000, 0x00000000e8780000, 0x0000000100000000)
  eden space 45568K, 100% used [0x00000000e0000000,0x00000000e2c80000,0x00000000e2c80000)
  from space 43520K, 76% used [0x00000000e2d80000,0x00000000e4df4f50,0x00000000e5800000)
  to   space 46592K, 0% used [0x00000000e5a00000,0x00000000e5a00000,0x00000000e8780000)
 ParOldGen       total 76288K, used 59163K [0x00000000a0000000, 0x00000000a4a80000, 0x00000000e0000000)
  object space 76288K, 77% used [0x00000000a0000000,0x00000000a39c6d40,0x00000000a4a80000)
 Metaspace       used 76078K, capacity 79814K, committed 79960K, reserved 1118208K
  class space    used 9958K, capacity 10811K, committed 10880K, reserved 1048576K
Event: 1304.912 GC heap after
Heap after GC invocations=47 (full 3):
 PSYoungGen      total 92160K, used 41283K [0x00000000e0000000, 0x00000000e8780000, 0x0000000100000000)
  eden space 45568K, 0% used [0x00000000e0000000,0x00000000e0000000,0x00000000e2c80000)
  from space 46592K, 88% used [0x00000000e5a00000,0x00000000e8250f60,0x00000000e8780000)
  to   space 43520K, 0% used [0x00000000e2d80000,0x00000000e2d80000,0x00000000e5800000)
 ParOldGen       total 76288K, used 59171K [0x00000000a0000000, 0x00000000a4a80000, 0x00000000e0000000)
  object space 76288K, 77% used [0x00000000a0000000,0x00000000a39c8d40,0x00000000a4a80000)
 Metaspace       used 76078K, capacity 79814K, committed 79960K, reserved 1118208K
  class space    used 9958K, capacity 10811K, committed 10880K, reserved 1048576K
}

